<?xml version="1.0" encoding="utf-8" standalone="no"?>
<!--This file represents the results of running a test suite-->
<test-results name="D:\Development\Scheduling-App\CommonTests\bin\Debug\CommonTests.dll" total="6" errors="0" failures="0" not-run="0" inconclusive="0" ignored="0" skipped="0" invalid="0" date="2013-02-23" time="15:52:09">
  <environment nunit-version="2.5.10.11092" clr-version="2.0.50727.5466" os-version="Microsoft Windows NT 6.1.7601 Service Pack 1" platform="Win32NT" cwd="D:\Development\Scheduling-App\CommonTests\bin\Debug" machine-name="BOB-PC" user="BOB" user-domain="BOB-PC" />
  <culture-info current-culture="en-US" current-uiculture="en-US" />
  <test-suite type="Assembly" name="D:\Development\Scheduling-App\CommonTests\bin\Debug\CommonTests.dll" executed="True" result="Success" success="True" time="0.096" asserts="0">
    <results>
      <test-suite type="Namespace" name="CommonTests" executed="True" result="Success" success="True" time="0.092" asserts="0">
        <results>
          <test-suite type="TestFixture" name="ActionListTest" executed="True" result="Success" success="True" time="0.068" asserts="0">
            <results>
              <test-case name="CommonTests.ActionListTest.OnAdd" executed="True" result="Success" success="True" time="0.049" asserts="1" />
              <test-case name="CommonTests.ActionListTest.OnAdd_Range" executed="True" result="Success" success="True" time="0.005" asserts="2" />
            </results>
          </test-suite>
          <test-suite type="TestFixture" name="DateRangeTest" executed="True" result="Success" success="True" time="0.022" asserts="0">
            <results>
              <test-case name="CommonTests.DateRangeTest.Equals" executed="True" result="Success" success="True" time="0.004" asserts="11" />
              <test-case name="CommonTests.DateRangeTest.HashCode" executed="True" result="Success" success="True" time="0.009" asserts="3" />
              <test-case name="CommonTests.DateRangeTest.Hours" executed="True" result="Success" success="True" time="0.002" asserts="4" />
              <test-case name="CommonTests.DateRangeTest.Minutes" executed="True" result="Success" success="True" time="0.000" asserts="1" />
            </results>
          </test-suite>
        </results>
      </test-suite>
    </results>
  </test-suite>
</test-results>