<?xml version="1.0" encoding="utf-8" standalone="no"?>
<!--This file represents the results of running a test suite-->
<test-results name="D:\Development\Scheduling-App\AssignmentTests\bin\Debug\AssignmentTests.dll" total="30" errors="0" failures="0" not-run="0" inconclusive="0" ignored="0" skipped="0" invalid="0" date="2013-02-23" time="15:52:00">
  <environment nunit-version="2.5.10.11092" clr-version="2.0.50727.5466" os-version="Microsoft Windows NT 6.1.7601 Service Pack 1" platform="Win32NT" cwd="D:\Development\Scheduling-App\AssignmentTests\bin\Debug" machine-name="BOB-PC" user="BOB" user-domain="BOB-PC" />
  <culture-info current-culture="en-US" current-uiculture="en-US" />
  <test-suite type="Assembly" name="D:\Development\Scheduling-App\AssignmentTests\bin\Debug\AssignmentTests.dll" executed="True" result="Success" success="True" time="0.771" asserts="0">
    <results>
      <test-suite type="Namespace" name="AssignmentTests" executed="True" result="Success" success="True" time="0.767" asserts="0">
        <results>
          <test-suite type="TestFixture" name="Average80HoursOver4WeeksTest" executed="True" result="Success" success="True" time="0.098" asserts="0">
            <results>
              <test-case name="AssignmentTests.Average80HoursOver4WeeksTest.Assignable_28DaysLater" executed="True" result="Success" success="True" time="0.077" asserts="1" />
              <test-case name="AssignmentTests.Average80HoursOver4WeeksTest.Assignable_AlreadyOverAverage" executed="True" result="Success" success="True" time="0.001" asserts="1" />
              <test-case name="AssignmentTests.Average80HoursOver4WeeksTest.Assignable_ShiftWouldResultInMoreThan80Average" executed="True" result="Success" success="True" time="0.006" asserts="4" />
            </results>
          </test-suite>
          <test-suite type="TestFixture" name="BlockAssignmentTest" executed="True" result="Success" success="True" time="0.372" asserts="0">
            <results>
              <test-case name="AssignmentTests.BlockAssignmentTest.Assign" executed="True" result="Success" success="True" time="0.372" asserts="1" />
            </results>
          </test-suite>
          <test-suite type="TestFixture" name="CalendarAssignerTest" executed="True" result="Success" success="True" time="0.029" asserts="0">
            <results>
              <test-case name="AssignmentTests.CalendarAssignerTest.Assign" executed="True" result="Success" success="True" time="0.028" asserts="1" />
            </results>
          </test-suite>
          <test-suite type="TestFixture" name="ContinuousDutyHourConstraintTest" executed="True" result="Success" success="True" time="0.019" asserts="0">
            <results>
              <test-case name="AssignmentTests.ContinuousDutyHourConstraintTest.Assignable_AlreadyAssigned16_PGY1" executed="True" result="Success" success="True" time="0.004" asserts="3" />
              <test-suite type="ParameterizedTest" name="Assignable_AlreadyAssigned24_NotPGY1" executed="True" result="Success" success="True" time="0.005" asserts="0">
                <results>
                  <test-case name="AssignmentTests.ContinuousDutyHourConstraintTest.Assignable_AlreadyAssigned24_NotPGY1(PGY_3)" executed="True" result="Success" success="True" time="0.001" asserts="4" />
                  <test-case name="AssignmentTests.ContinuousDutyHourConstraintTest.Assignable_AlreadyAssigned24_NotPGY1(Chief)" executed="True" result="Success" success="True" time="0.000" asserts="4" />
                  <test-case name="AssignmentTests.ContinuousDutyHourConstraintTest.Assignable_AlreadyAssigned24_NotPGY1(PGY_2)" executed="True" result="Success" success="True" time="0.000" asserts="4" />
                </results>
              </test-suite>
              <test-case name="AssignmentTests.ContinuousDutyHourConstraintTest.Assignable_ShiftWouldResultInMoreThan16_PGY1" executed="True" result="Success" success="True" time="0.000" asserts="2" />
              <test-suite type="ParameterizedTest" name="Assignable_ShiftWouldResultInMoreThan24_NotPGY1" executed="True" result="Success" success="True" time="0.004" asserts="0">
                <results>
                  <test-case name="AssignmentTests.ContinuousDutyHourConstraintTest.Assignable_ShiftWouldResultInMoreThan24_NotPGY1(PGY_2)" executed="True" result="Success" success="True" time="0.000" asserts="3" />
                  <test-case name="AssignmentTests.ContinuousDutyHourConstraintTest.Assignable_ShiftWouldResultInMoreThan24_NotPGY1(PGY_3)" executed="True" result="Success" success="True" time="0.000" asserts="3" />
                  <test-case name="AssignmentTests.ContinuousDutyHourConstraintTest.Assignable_ShiftWouldResultInMoreThan24_NotPGY1(Chief)" executed="True" result="Success" success="True" time="0.000" asserts="3" />
                </results>
              </test-suite>
            </results>
          </test-suite>
          <test-suite type="TestFixture" name="MinimumTimeOffConstraintTest" executed="True" result="Success" success="True" time="0.014" asserts="0">
            <results>
              <test-case name="AssignmentTests.MinimumTimeOffConstraintTest.Assignable_14Hours_Between_CallShifts" executed="True" result="Success" success="True" time="0.007" asserts="2" />
              <test-case name="AssignmentTests.MinimumTimeOffConstraintTest.Assignable_8Hours_Between_NonCallShifts" executed="True" result="Success" success="True" time="0.001" asserts="2" />
              <test-case name="AssignmentTests.MinimumTimeOffConstraintTest.Assignable_No_Prior_Shifts" executed="True" result="Success" success="True" time="0.000" asserts="1" />
              <test-case name="AssignmentTests.MinimumTimeOffConstraintTest.Assignable_Select_Correct_Last_Shift" executed="True" result="Success" success="True" time="0.001" asserts="1" />
            </results>
          </test-suite>
          <test-suite type="TestFixture" name="ResidentSelectorTest" executed="True" result="Success" success="True" time="0.050" asserts="0">
            <results>
              <test-case name="AssignmentTests.ResidentSelectorTest.Constraints" executed="True" result="Success" success="True" time="0.001" asserts="1" />
              <test-case name="AssignmentTests.ResidentSelectorTest.Select" executed="True" result="Success" success="True" time="0.007" asserts="1" />
              <test-case name="AssignmentTests.ResidentSelectorTest.Select_Finds_FirstToSatisfyAllConstraints" executed="True" result="Success" success="True" time="0.023" asserts="1" />
              <test-case name="AssignmentTests.ResidentSelectorTest.Select_Finds_Resident_Associated_With_RotationShift_First" executed="True" result="Success" success="True" time="0.005" asserts="1" />
              <test-case name="AssignmentTests.ResidentSelectorTest.Select_Finds_Resident_With_Least_Number_Of_Shifts" executed="True" result="Success" success="True" time="0.000" asserts="1" />
              <test-case name="AssignmentTests.ResidentSelectorTest.Select_UsesConstraints" executed="True" result="Success" success="True" time="0.003" asserts="1" />
            </results>
          </test-suite>
          <test-suite type="TestFixture" name="RotationAssignerTest" executed="True" result="Success" success="True" time="0.085" asserts="0">
            <results>
              <test-case name="AssignmentTests.RotationAssignerTest.Assign" executed="True" result="Success" success="True" time="0.067" asserts="1" />
              <test-case name="AssignmentTests.RotationAssignerTest.Assign_MultipleRotations" executed="True" result="Success" success="True" time="0.015" asserts="2" />
            </results>
          </test-suite>
          <test-suite type="TestFixture" name="SchedulerTest" executed="True" result="Success" success="True" time="0.026" asserts="0">
            <results>
              <test-case name="AssignmentTests.SchedulerTest.Schedule" executed="True" result="Success" success="True" time="0.026" asserts="1" />
            </results>
          </test-suite>
          <test-suite type="TestFixture" name="ShiftAssignerTest" executed="True" result="Success" success="True" time="0.053" asserts="0">
            <results>
              <test-case name="AssignmentTests.ShiftAssignerTest.Assign" executed="True" result="Success" success="True" time="0.010" asserts="4" />
              <test-case name="AssignmentTests.ShiftAssignerTest.Assign_Assigns_Associated_Shifts" executed="True" result="Success" success="True" time="0.001" asserts="3" />
              <test-case name="AssignmentTests.ShiftAssignerTest.Assign_OverlappingShifts" executed="True" result="Success" success="True" time="0.033" asserts="5" />
              <test-case name="AssignmentTests.ShiftAssignerTest.Assign_OverlappingShifts_UnderStaffed" executed="True" result="Success" success="True" time="0.002" asserts="1" />
            </results>
          </test-suite>
        </results>
      </test-suite>
    </results>
  </test-suite>
</test-results>